<?xml version="1.0" encoding="UTF-8"?>
<!-- Generated by org.testng.reporters.JUnitXMLReporter -->
<testsuite ignored="8" hostname="DESKTOP-V4U71TT" failures="1" tests="1" name="Default test" time="31.539" errors="0" timestamp="2023-07-07T21:15:26 IST">
  <testcase classname="com.tutorialsninja.testcases.productcompare" name="verify_when_four_products_are_added_to_productcompare" time="0.146">
    <failure type="java.lang.NullPointerException" message="Cannot invoke &amp;quot;com.tutorialsninja.pages.Productcomparepage.enterproductnameinsearchbox(String)&amp;quot; because &amp;quot;this.Productcomparepage&amp;quot; is null">
      <![CDATA[java.lang.NullPointerException: Cannot invoke "com.tutorialsninja.pages.Productcomparepage.enterproductnameinsearchbox(String)" because "this.Productcomparepage" is null
at com.tutorialsninja.testcases.productcompare.verify_when_four_products_are_added_to_productcompare(productcompare.java:98)
at java.base/jdk.internal.reflect.NativeMethodAccessorImpl.invoke0(Native Method)
at java.base/jdk.internal.reflect.NativeMethodAccessorImpl.invoke(NativeMethodAccessorImpl.java:77)
at java.base/jdk.internal.reflect.DelegatingMethodAccessorImpl.invoke(DelegatingMethodAccessorImpl.java:43)
at java.base/java.lang.reflect.Method.invoke(Method.java:568)
at org.testng.internal.MethodInvocationHelper.invokeMethod(MethodInvocationHelper.java:133)
at org.testng.internal.TestInvoker.invokeMethod(TestInvoker.java:598)
at org.testng.internal.TestInvoker.invokeTestMethod(TestInvoker.java:173)
at org.testng.internal.MethodRunner.runInSequence(MethodRunner.java:46)
at org.testng.internal.TestInvoker$MethodInvocationAgent.invoke(TestInvoker.java:824)
at org.testng.internal.TestInvoker.invokeTestMethods(TestInvoker.java:146)
at org.testng.internal.TestMethodWorker.invokeTestMethods(TestMethodWorker.java:146)
at org.testng.internal.TestMethodWorker.run(TestMethodWorker.java:128)
at java.base/java.util.ArrayList.forEach(ArrayList.java:1511)
at org.testng.TestRunner.privateRun(TestRunner.java:794)
at org.testng.TestRunner.run(TestRunner.java:596)
at org.testng.SuiteRunner.runTest(SuiteRunner.java:377)
at org.testng.SuiteRunner.runSequentially(SuiteRunner.java:371)
at org.testng.SuiteRunner.privateRun(SuiteRunner.java:332)
at org.testng.SuiteRunner.run(SuiteRunner.java:276)
at org.testng.SuiteRunnerWorker.runSuite(SuiteRunnerWorker.java:53)
at org.testng.SuiteRunnerWorker.run(SuiteRunnerWorker.java:96)
at org.testng.TestNG.runSuitesSequentially(TestNG.java:1212)
at org.testng.TestNG.runSuitesLocally(TestNG.java:1134)
at org.testng.TestNG.runSuites(TestNG.java:1063)
at org.testng.TestNG.run(TestNG.java:1031)
at org.testng.remote.AbstractRemoteTestNG.run(AbstractRemoteTestNG.java:115)
at org.testng.remote.RemoteTestNG.initAndRun(RemoteTestNG.java:251)
at org.testng.remote.RemoteTestNG.main(RemoteTestNG.java:77)
]]>
    </failure>
  </testcase> <!-- verify_when_four_products_are_added_to_productcompare -->
  <testcase classname="com.tutorialsninja.testcases.productcompare" name="verify_user_is_not_able_to_add_five_products_to_productcompare" time="0.0">
    <ignored/>
  </testcase> <!-- verify_user_is_not_able_to_add_five_products_to_productcompare -->
  <testcase classname="com.tutorialsninja.testcases.productcompare" name="verifyremovingproductfromproductcomparepage" time="0.0">
    <ignored/>
  </testcase> <!-- verifyremovingproductfromproductcomparepage -->
  <testcase classname="com.tutorialsninja.testcases.productcompare" name="verify_when_three_products_are_added_to_productcompare" time="0.0">
    <ignored/>
  </testcase> <!-- verify_when_three_products_are_added_to_productcompare -->
  <testcase classname="com.tutorialsninja.testcases.productcompare" name="verify_adding_product_to_cart_from_productcomparepage" time="0.0">
    <ignored/>
  </testcase> <!-- verify_adding_product_to_cart_from_productcomparepage -->
  <testcase classname="com.tutorialsninja.testcases.productcompare" name="verify_adding_one_product_to_productcomparepage" time="0.0">
    <ignored/>
  </testcase> <!-- verify_adding_one_product_to_productcomparepage -->
  <testcase classname="com.tutorialsninja.testcases.productcompare" name="verify_when_two_products_are_added_to_productcompare" time="0.0">
    <ignored/>
  </testcase> <!-- verify_when_two_products_are_added_to_productcompare -->
  <testcase classname="com.tutorialsninja.testcases.productcompare" name="verifysameproductisaddedforproductcomparision" time="0.0">
    <ignored/>
  </testcase> <!-- verifysameproductisaddedforproductcomparision -->
  <testcase classname="com.tutorialsninja.testcases.productcompare" name="verify_productdisplaypage_when_no_product_are_added" time="0.0">
    <ignored/>
  </testcase> <!-- verify_productdisplaypage_when_no_product_are_added -->
</testsuite> <!-- Default test -->
